<?xml version="1.0" encoding="UTF-8"?>
<testng-results skipped="0" failed="0" ignored="0" total="1" passed="1">
  <reporter-output>
  </reporter-output>
  <suite name="Default suite" duration-ms="10235" started-at="2018-02-01T12:02:09Z" finished-at="2018-02-01T12:02:19Z">
    <groups>
    </groups>
    <test name="Default test" duration-ms="10235" started-at="2018-02-01T12:02:09Z" finished-at="2018-02-01T12:02:19Z">
      <class name="com.ty.ActitimeLoginSystemTestCase">
        <test-method status="PASS" signature="loginAndLogout()[pri:0, instance:com.ty.ActitimeLoginSystemTestCase@880ec60]" name="loginAndLogout" duration-ms="10211" started-at="2018-02-01T12:02:09Z" finished-at="2018-02-01T12:02:19Z">
          <reporter-output>
          </reporter-output>
        </test-method> <!-- loginAndLogout -->
      </class> <!-- com.ty.ActitimeLoginSystemTestCase -->
    </test> <!-- Default test -->
  </suite> <!-- Default suite -->
</testng-results>
